# JRE version: OpenJDK Runtime Environment (8.0_372-b07) (build 1.8.0_372-b07)
# Java VM: OpenJDK 64-Bit Server VM (25.372-b07 mixed mode windows-amd64 compressed oops)
Heap:
 PSYoungGen      total 132096K, used 42512K [0x00000000d6f00000, 0x00000000df500000, 0x0000000100000000)
  eden space 126976K, 33% used [0x00000000d6f00000,0x00000000d9884380,0x00000000deb00000)
  from space 5120K, 0% used [0x00000000df000000,0x00000000df000000,0x00000000df500000)
  to   space 5120K, 0% used [0x00000000deb00000,0x00000000deb00000,0x00000000df000000)
 ParOldGen       total 78336K, used 18556K [0x0000000084c00000, 0x0000000089880000, 0x00000000d6f00000)
  object space 78336K, 23% used [0x0000000084c00000,0x0000000085e1f3d8,0x0000000089880000)
 Metaspace       used 22238K, capacity 22506K, committed 22656K, reserved 1069056K
  class space    used 2765K, capacity 2871K, committed 2944K, reserved 1048576K
GC Heap History (10 events):
Event: 0.443 GC heap before
{Heap before GC invocations=1 (full 0):
 PSYoungGen      total 36864K, used 31744K [0x00000000d6f00000, 0x00000000d9800000, 0x0000000100000000)
  eden space 31744K, 100% used [0x00000000d6f00000,0x00000000d8e00000,0x00000000d8e00000)
  from space 5120K, 0% used [0x00000000d9300000,0x00000000d9300000,0x00000000d9800000)
  to   space 5120K, 0% used [0x00000000d8e00000,0x00000000d8e00000,0x00000000d9300000)
 ParOldGen       total 84992K, used 0K [0x0000000084c00000, 0x0000000089f00000, 0x00000000d6f00000)
  object space 84992K, 0% used [0x0000000084c00000,0x0000000084c00000,0x0000000089f00000)
 Metaspace       used 7215K, capacity 7386K, committed 7552K, reserved 1056768K
  class space    used 790K, capacity 869K, committed 896K, reserved 1048576K
Event: 0.450 GC heap after
Heap after GC invocations=1 (full 0):
 PSYoungGen      total 36864K, used 5090K [0x00000000d6f00000, 0x00000000db700000, 0x0000000100000000)
  eden space 31744K, 0% used [0x00000000d6f00000,0x00000000d6f00000,0x00000000d8e00000)
  from space 5120K, 99% used [0x00000000d8e00000,0x00000000d92f8ad8,0x00000000d9300000)
  to   space 5120K, 0% used [0x00000000db200000,0x00000000db200000,0x00000000db700000)
 ParOldGen       total 84992K, used 1615K [0x0000000084c00000, 0x0000000089f00000, 0x00000000d6f00000)
  object space 84992K, 1% used [0x0000000084c00000,0x0000000084d93db8,0x0000000089f00000)
 Metaspace       used 7215K, capacity 7386K, committed 7552K, reserved 1056768K
  class space    used 790K, capacity 869K, committed 896K, reserved 1048576K
}
Event: 0.699 GC heap before
{Heap before GC invocations=2 (full 0):
 PSYoungGen      total 36864K, used 36503K [0x00000000d6f00000, 0x00000000db700000, 0x0000000100000000)
  eden space 31744K, 98% used [0x00000000d6f00000,0x00000000d8dad130,0x00000000d8e00000)
  from space 5120K, 99% used [0x00000000d8e00000,0x00000000d92f8ad8,0x00000000d9300000)
  to   space 5120K, 0% used [0x00000000db200000,0x00000000db200000,0x00000000db700000)
 ParOldGen       total 84992K, used 1615K [0x0000000084c00000, 0x0000000089f00000, 0x00000000d6f00000)
  object space 84992K, 1% used [0x0000000084c00000,0x0000000084d93db8,0x0000000089f00000)
 Metaspace       used 10038K, capacity 10188K, committed 10368K, reserved 1058816K
  class space    used 1194K, capacity 1288K, committed 1408K, reserved 1048576K
Event: 0.709 GC heap after
Heap after GC invocations=2 (full 0):
 PSYoungGen      total 68608K, used 5097K [0x00000000d6f00000, 0x00000000db700000, 0x0000000100000000)
  eden space 63488K, 0% used [0x00000000d6f00000,0x00000000d6f00000,0x00000000dad00000)
  from space 5120K, 99% used [0x00000000db200000,0x00000000db6fa6b0,0x00000000db700000)
  to   space 5120K, 0% used [0x00000000dad00000,0x00000000dad00000,0x00000000db200000)
 ParOldGen       total 84992K, used 7215K [0x0000000084c00000, 0x0000000089f00000, 0x00000000d6f00000)
  object space 84992K, 8% used [0x0000000084c00000,0x000000008530bff8,0x0000000089f00000)
 Metaspace       used 10038K, capacity 10188K, committed 10368K, reserved 1058816K
  class space    used 1194K, capacity 1288K, committed 1408K, reserved 1048576K
}
Event: 1.319 GC heap before
{Heap before GC invocations=3 (full 0):
 PSYoungGen      total 68608K, used 68585K [0x00000000d6f00000, 0x00000000db700000, 0x0000000100000000)
  eden space 63488K, 100% used [0x00000000d6f00000,0x00000000dad00000,0x00000000dad00000)
  from space 5120K, 99% used [0x00000000db200000,0x00000000db6fa6b0,0x00000000db700000)
  to   space 5120K, 0% used [0x00000000dad00000,0x00000000dad00000,0x00000000db200000)
 ParOldGen       total 84992K, used 7215K [0x0000000084c00000, 0x0000000089f00000, 0x00000000d6f00000)
  object space 84992K, 8% used [0x0000000084c00000,0x000000008530bff8,0x0000000089f00000)
 Metaspace       used 15826K, capacity 16040K, committed 16384K, reserved 1062912K
  class space    used 1976K, capacity 2034K, committed 2048K, reserved 1048576K
Event: 1.331 GC heap after
Heap after GC invocations=3 (full 0):
 PSYoungGen      total 68608K, used 5097K [0x00000000d6f00000, 0x00000000df500000, 0x0000000100000000)
  eden space 63488K, 0% used [0x00000000d6f00000,0x00000000d6f00000,0x00000000dad00000)
  from space 5120K, 99% used [0x00000000dad00000,0x00000000db1fa6b0,0x00000000db200000)
  to   space 5120K, 0% used [0x00000000df000000,0x00000000df000000,0x00000000df500000)
 ParOldGen       total 84992K, used 17250K [0x0000000084c00000, 0x0000000089f00000, 0x00000000d6f00000)
  object space 84992K, 20% used [0x0000000084c00000,0x0000000085cd8900,0x0000000089f00000)
 Metaspace       used 15826K, capacity 16040K, committed 16384K, reserved 1062912K
  class space    used 1976K, capacity 2034K, committed 2048K, reserved 1048576K
}
Event: 2.174 GC heap before
{Heap before GC invocations=4 (full 0):
 PSYoungGen      total 68608K, used 50948K [0x00000000d6f00000, 0x00000000df500000, 0x0000000100000000)
  eden space 63488K, 72% used [0x00000000d6f00000,0x00000000d9bc6bc0,0x00000000dad00000)
  from space 5120K, 99% used [0x00000000dad00000,0x00000000db1fa6b0,0x00000000db200000)
  to   space 5120K, 0% used [0x00000000df000000,0x00000000df000000,0x00000000df500000)
 ParOldGen       total 84992K, used 17250K [0x0000000084c00000, 0x0000000089f00000, 0x00000000d6f00000)
  object space 84992K, 20% used [0x0000000084c00000,0x0000000085cd8900,0x0000000089f00000)
 Metaspace       used 20821K, capacity 21066K, committed 21248K, reserved 1067008K
  class space    used 2631K, capacity 2727K, committed 2816K, reserved 1048576K
Event: 2.186 GC heap after
Heap after GC invocations=4 (full 0):
 PSYoungGen      total 132096K, used 5113K [0x00000000d6f00000, 0x00000000df500000, 0x0000000100000000)
  eden space 126976K, 0% used [0x00000000d6f00000,0x00000000d6f00000,0x00000000deb00000)
  from space 5120K, 99% used [0x00000000df000000,0x00000000df4fe6a0,0x00000000df500000)
  to   space 5120K, 0% used [0x00000000deb00000,0x00000000deb00000,0x00000000df000000)
 ParOldGen       total 84992K, used 24460K [0x0000000084c00000, 0x0000000089f00000, 0x00000000d6f00000)
  object space 84992K, 28% used [0x0000000084c00000,0x00000000863e3238,0x0000000089f00000)
 Metaspace       used 20821K, capacity 21066K, committed 21248K, reserved 1067008K
  class space    used 2631K, capacity 2727K, committed 2816K, reserved 1048576K
}
Event: 2.186 GC heap before
{Heap before GC invocations=5 (full 1):
 PSYoungGen      total 132096K, used 5113K [0x00000000d6f00000, 0x00000000df500000, 0x0000000100000000)
  eden space 126976K, 0% used [0x00000000d6f00000,0x00000000d6f00000,0x00000000deb00000)
  from space 5120K, 99% used [0x00000000df000000,0x00000000df4fe6a0,0x00000000df500000)
  to   space 5120K, 0% used [0x00000000deb00000,0x00000000deb00000,0x00000000df000000)
 ParOldGen       total 84992K, used 24460K [0x0000000084c00000, 0x0000000089f00000, 0x00000000d6f00000)
  object space 84992K, 28% used [0x0000000084c00000,0x00000000863e3238,0x0000000089f00000)
 Metaspace       used 20821K, capacity 21066K, committed 21248K, reserved 1067008K
  class space    used 2631K, capacity 2727K, committed 2816K, reserved 1048576K
Event: 2.234 GC heap after
Heap after GC invocations=5 (full 1):
 PSYoungGen      total 132096K, used 0K [0x00000000d6f00000, 0x00000000df500000, 0x0000000100000000)
  eden space 126976K, 0% used [0x00000000d6f00000,0x00000000d6f00000,0x00000000deb00000)
  from space 5120K, 0% used [0x00000000df000000,0x00000000df000000,0x00000000df500000)
  to   space 5120K, 0% used [0x00000000deb00000,0x00000000deb00000,0x00000000df000000)
 ParOldGen       total 78336K, used 18556K [0x0000000084c00000, 0x0000000089880000, 0x00000000d6f00000)
  object space 78336K, 23% used [0x0000000084c00000,0x0000000085e1f3d8,0x0000000089880000)
 Metaspace       used 20821K, capacity 21066K, committed 21248K, reserved 1067008K
  class space    used 2631K, capacity 2727K, committed 2816K, reserved 1048576K
}

